SF:/Users/fernandofeijao/src/eclipseworks-api-backend/TaskManager.Application/Core/FailResult.cs
FN:70,TaskManager.Application.FailResult/Failure TaskManager.Application.FailResult::Falha(System.String)
FNDA:0,TaskManager.Application.FailResult/Failure TaskManager.Application.FailResult::Falha(System.String)
DA:71,0
FN:73,TaskManager.Application.FailResult/Validation TaskManager.Application.FailResult::Validacao(System.String)
FNDA:0,TaskManager.Application.FailResult/Validation TaskManager.Application.FailResult::Validacao(System.String)
DA:74,0
FN:76,TaskManager.Application.FailResult/Conflict TaskManager.Application.FailResult::Conflito(System.String)
FNDA:0,TaskManager.Application.FailResult/Conflict TaskManager.Application.FailResult::Conflito(System.String)
DA:77,0
FN:79,TaskManager.Application.FailResult/NotFound TaskManager.Application.FailResult::NaoEncontrado(System.String)
FNDA:0,TaskManager.Application.FailResult/NotFound TaskManager.Application.FailResult::NaoEncontrado(System.String)
DA:80,0
FN:82,TaskManager.Application.FailResult/Unauthorized TaskManager.Application.FailResult::NaoAutorizado(System.String)
FNDA:0,TaskManager.Application.FailResult/Unauthorized TaskManager.Application.FailResult::NaoAutorizado(System.String)
DA:83,0
FN:85,TaskManager.Application.FailResult/InvalidData TaskManager.Application.FailResult::DadoInvalido(System.String)
FNDA:0,TaskManager.Application.FailResult/InvalidData TaskManager.Application.FailResult::DadoInvalido(System.String)
DA:86,0
FN:87,TaskManager.Application.FailResult/UnprocessableEntity TaskManager.Application.FailResult::EntidadeNaoProcessavel(System.String)
FNDA:0,TaskManager.Application.FailResult/UnprocessableEntity TaskManager.Application.FailResult::EntidadeNaoProcessavel(System.String)
DA:88,0
FN:90,TaskManager.Application.FailResult/Unexpected TaskManager.Application.FailResult::Inesperado(System.Exception,System.String)
FNDA:0,TaskManager.Application.FailResult/Unexpected TaskManager.Application.FailResult::Inesperado(System.Exception,System.String)
DA:91,0
FN:8,System.Void TaskManager.Application.FailResult/Failure::.ctor(System.String)
FNDA:0,System.Void TaskManager.Application.FailResult/Failure::.ctor(System.String)
DA:9,0
DA:10,0
DA:11,0
FN:15,System.Void TaskManager.Application.FailResult/Validation::.ctor(System.String)
FNDA:0,System.Void TaskManager.Application.FailResult/Validation::.ctor(System.String)
DA:16,0
DA:17,0
DA:18,0
FN:22,System.Void TaskManager.Application.FailResult/Conflict::.ctor(System.String)
FNDA:0,System.Void TaskManager.Application.FailResult/Conflict::.ctor(System.String)
DA:23,0
DA:24,0
DA:25,0
FN:29,System.Void TaskManager.Application.FailResult/NotFound::.ctor(System.String)
FNDA:0,System.Void TaskManager.Application.FailResult/NotFound::.ctor(System.String)
DA:30,0
DA:31,0
DA:32,0
FN:36,System.Void TaskManager.Application.FailResult/Unauthorized::.ctor(System.String)
FNDA:0,System.Void TaskManager.Application.FailResult/Unauthorized::.ctor(System.String)
DA:37,0
DA:38,0
DA:39,0
FN:43,System.Void TaskManager.Application.FailResult/InvalidData::.ctor(System.String)
FNDA:0,System.Void TaskManager.Application.FailResult/InvalidData::.ctor(System.String)
DA:44,0
DA:45,0
DA:46,0
FN:50,System.Void TaskManager.Application.FailResult/UnprocessableEntity::.ctor(System.String)
FNDA:0,System.Void TaskManager.Application.FailResult/UnprocessableEntity::.ctor(System.String)
DA:51,0
DA:52,0
DA:53,0
FN:57,System.Void TaskManager.Application.FailResult/Unexpected::.ctor(System.Exception,System.String)
FNDA:0,System.Void TaskManager.Application.FailResult/Unexpected::.ctor(System.Exception,System.String)
DA:58,0
DA:59,0
DA:60,0
DA:61,0
DA:63,0
DA:64,0
DA:66,0
DA:67,0
BRDA:60,15,0,0
BRDA:60,25,0,0
BRDA:60,25,1,0
BRDA:60,37,0,0
BRDA:60,47,0,0
BRDA:60,47,1,0
BRDA:60,59,0,0
BRDA:60,59,1,0
BRDA:60,15,1,0
BRDA:60,37,1,0
BRDA:61,72,0,0
BRDA:61,72,1,0
BRDA:61,84,0,0
BRDA:61,88,0,0
BRDA:61,88,1,0
BRDA:61,100,0,0
BRDA:61,100,1,0
BRDA:61,84,1,0
BRDA:63,118,0,0
BRDA:63,118,1,0
LF:37
LH:0
BRF:20
BRH:0
FNF:16
FNH:0
end_of_record
SF:/Users/fernandofeijao/src/eclipseworks-api-backend/TaskManager.Application/Core/MappingProfiles.cs
FN:7,System.Void TaskManager.Application.MappingProfiles::.ctor()
FNDA:12,System.Void TaskManager.Application.MappingProfiles::.ctor()
DA:8,12
DA:9,12
DA:10,12
DA:11,12
DA:12,12
DA:13,12
DA:14,12
DA:15,12
DA:16,12
DA:17,12
DA:18,12
LF:11
LH:11
BRF:0
BRH:0
FNF:1
FNH:1
end_of_record
SF:/Users/fernandofeijao/src/eclipseworks-api-backend/TaskManager.Application/DTOs/ProjectDTO.cs
FN:4,System.String TaskManager.Application.BaseProjectDTO::get_Name()
FNDA:48,System.String TaskManager.Application.BaseProjectDTO::get_Name()
DA:5,48
FN:5,System.String TaskManager.Application.BaseProjectDTO::get_Owner()
FNDA:49,System.String TaskManager.Application.BaseProjectDTO::get_Owner()
DA:6,49
FN:6,System.Nullable`1<System.DateTime> TaskManager.Application.BaseProjectDTO::get_StartDate()
FNDA:49,System.Nullable`1<System.DateTime> TaskManager.Application.BaseProjectDTO::get_StartDate()
DA:7,49
FN:7,System.Nullable`1<System.DateTime> TaskManager.Application.BaseProjectDTO::get_FinishDate()
FNDA:49,System.Nullable`1<System.DateTime> TaskManager.Application.BaseProjectDTO::get_FinishDate()
DA:8,49
FN:12,System.Int32 TaskManager.Application.ProjectDTO::get_Id()
FNDA:44,System.Int32 TaskManager.Application.ProjectDTO::get_Id()
DA:13,44
FN:14,System.DateTime TaskManager.Application.ProjectDTO::get_CreateDate()
FNDA:44,System.DateTime TaskManager.Application.ProjectDTO::get_CreateDate()
DA:15,44
LF:6
LH:6
BRF:0
BRH:0
FNF:6
FNH:6
end_of_record
SF:/Users/fernandofeijao/src/eclipseworks-api-backend/TaskManager.Application/DTOs/ProjectValidatorDTO.cs
FN:6,System.Void TaskManager.Application.ProjectValidatorDTO::.ctor()
FNDA:0,System.Void TaskManager.Application.ProjectValidatorDTO::.ctor()
DA:7,0
DA:8,0
DA:9,0
DA:10,0
DA:11,0
DA:12,0
DA:13,0
LF:7
LH:0
BRF:0
BRH:0
FNF:1
FNH:0
end_of_record
SF:/Users/fernandofeijao/src/eclipseworks-api-backend/TaskManager.Application/DTOs/ReportFilterDTO.cs
FN:4,System.DateTime TaskManager.Application.ReportFilterDTO::get_StartDate()
FNDA:0,System.DateTime TaskManager.Application.ReportFilterDTO::get_StartDate()
DA:5,0
FN:5,System.DateTime TaskManager.Application.ReportFilterDTO::get_FinishDate()
FNDA:0,System.DateTime TaskManager.Application.ReportFilterDTO::get_FinishDate()
DA:6,0
FN:6,System.String TaskManager.Application.ReportFilterDTO::get_User()
FNDA:0,System.String TaskManager.Application.ReportFilterDTO::get_User()
DA:7,0
FN:7,System.String TaskManager.Application.ReportFilterDTO::get_ActionUser()
FNDA:0,System.String TaskManager.Application.ReportFilterDTO::get_ActionUser()
DA:8,0
LF:4
LH:0
BRF:0
BRH:0
FNF:4
FNH:0
end_of_record
SF:/Users/fernandofeijao/src/eclipseworks-api-backend/TaskManager.Application/DTOs/TaskDiscussionDTO.cs
FN:4,System.String TaskManager.Application.BaseTaskDiscussionDTO::get_Comment()
FNDA:286,System.String TaskManager.Application.BaseTaskDiscussionDTO::get_Comment()
DA:5,286
FN:5,System.String TaskManager.Application.BaseTaskDiscussionDTO::get_User()
FNDA:286,System.String TaskManager.Application.BaseTaskDiscussionDTO::get_User()
DA:6,286
FN:6,System.Int32 TaskManager.Application.BaseTaskDiscussionDTO::get_TaskId()
FNDA:286,System.Int32 TaskManager.Application.BaseTaskDiscussionDTO::get_TaskId()
DA:7,286
FN:11,System.Int32 TaskManager.Application.TaskDiscussionDTO::get_Id()
FNDA:283,System.Int32 TaskManager.Application.TaskDiscussionDTO::get_Id()
DA:12,283
FN:16,System.String TaskManager.Application.NewTaskDiscussionDTO::get_ActionUser()
FNDA:3,System.String TaskManager.Application.NewTaskDiscussionDTO::get_ActionUser()
DA:17,3
LF:5
LH:5
BRF:0
BRH:0
FNF:5
FNH:5
end_of_record
SF:/Users/fernandofeijao/src/eclipseworks-api-backend/TaskManager.Application/DTOs/TaskDTO.cs
FN:4,System.String TaskManager.Application.BaseTaskDTO::get_User()
FNDA:40,System.String TaskManager.Application.BaseTaskDTO::get_User()
DA:5,40
FN:5,System.String TaskManager.Application.BaseTaskDTO::get_Title()
FNDA:42,System.String TaskManager.Application.BaseTaskDTO::get_Title()
DA:6,42
FN:6,System.String TaskManager.Application.BaseTaskDTO::get_Description()
FNDA:42,System.String TaskManager.Application.BaseTaskDTO::get_Description()
DA:7,42
FN:7,System.Byte TaskManager.Application.BaseTaskDTO::get_Priority()
FNDA:38,System.Byte TaskManager.Application.BaseTaskDTO::get_Priority()
DA:8,38
FN:8,System.DateTime TaskManager.Application.BaseTaskDTO::get_TargetDate()
FNDA:42,System.DateTime TaskManager.Application.BaseTaskDTO::get_TargetDate()
DA:9,42
FN:9,System.Int32 TaskManager.Application.BaseTaskDTO::get_ProjectId()
FNDA:42,System.Int32 TaskManager.Application.BaseTaskDTO::get_ProjectId()
DA:10,42
FN:18,System.Int32 TaskManager.Application.EditTaskDTO::get_Id()
FNDA:2,System.Int32 TaskManager.Application.EditTaskDTO::get_Id()
DA:19,2
FN:19,System.Byte TaskManager.Application.EditTaskDTO::get_State()
FNDA:3,System.Byte TaskManager.Application.EditTaskDTO::get_State()
DA:20,3
FN:20,System.Byte TaskManager.Application.EditTaskDTO::get_Priority()
FNDA:2,System.Byte TaskManager.Application.EditTaskDTO::get_Priority()
DA:21,2
FN:21,System.String TaskManager.Application.EditTaskDTO::get_ActionUser()
FNDA:3,System.String TaskManager.Application.EditTaskDTO::get_ActionUser()
DA:22,3
FN:27,System.Int32 TaskManager.Application.TaskDTO::get_Id()
FNDA:82,System.Int32 TaskManager.Application.TaskDTO::get_Id()
DA:28,82
FN:28,System.Byte TaskManager.Application.TaskDTO::get_State()
FNDA:32,System.Byte TaskManager.Application.TaskDTO::get_State()
DA:29,32
FN:29,System.Collections.Generic.List`1<TaskManager.Application.TaskDiscussionDTO> TaskManager.Application.TaskDTO::get_Discussion()
FNDA:54,System.Collections.Generic.List`1<TaskManager.Application.TaskDiscussionDTO> TaskManager.Application.TaskDTO::get_Discussion()
DA:30,54
FN:30,System.Collections.Generic.List`1<TaskManager.Application.TaskHistoryDTO> TaskManager.Application.TaskDTO::get_ChangeHistory()
FNDA:55,System.Collections.Generic.List`1<TaskManager.Application.TaskHistoryDTO> TaskManager.Application.TaskDTO::get_ChangeHistory()
DA:31,55
LF:14
LH:14
BRF:0
BRH:0
FNF:14
FNH:14
end_of_record
SF:/Users/fernandofeijao/src/eclipseworks-api-backend/TaskManager.Application/DTOs/TaskHistoryDTO.cs
FN:4,System.Int32 TaskManager.Application.TaskHistoryDTO::get_Id()
FNDA:284,System.Int32 TaskManager.Application.TaskHistoryDTO::get_Id()
DA:5,284
FN:5,System.Int32 TaskManager.Application.TaskHistoryDTO::get_TaskId()
FNDA:284,System.Int32 TaskManager.Application.TaskHistoryDTO::get_TaskId()
DA:6,284
FN:6,System.String TaskManager.Application.TaskHistoryDTO::get_User()
FNDA:284,System.String TaskManager.Application.TaskHistoryDTO::get_User()
DA:7,284
FN:7,System.DateTime TaskManager.Application.TaskHistoryDTO::get_ChangeDate()
FNDA:284,System.DateTime TaskManager.Application.TaskHistoryDTO::get_ChangeDate()
DA:8,284
FN:8,System.String TaskManager.Application.TaskHistoryDTO::get_BeforeChange()
FNDA:284,System.String TaskManager.Application.TaskHistoryDTO::get_BeforeChange()
DA:9,284
FN:9,System.String TaskManager.Application.TaskHistoryDTO::get_AfterChange()
FNDA:284,System.String TaskManager.Application.TaskHistoryDTO::get_AfterChange()
DA:10,284
LF:6
LH:6
BRF:0
BRH:0
FNF:6
FNH:6
end_of_record
SF:/Users/fernandofeijao/src/eclipseworks-api-backend/TaskManager.Application/DTOs/TaskReportDTO.cs
FN:4,System.String TaskManager.Application.TaskReportDTO::get_User()
FNDA:0,System.String TaskManager.Application.TaskReportDTO::get_User()
DA:5,0
FN:5,System.Int32 TaskManager.Application.TaskReportDTO::get_TasksClosed()
FNDA:0,System.Int32 TaskManager.Application.TaskReportDTO::get_TasksClosed()
DA:6,0
FN:6,System.Int32 TaskManager.Application.TaskReportDTO::get_TasksNew()
FNDA:0,System.Int32 TaskManager.Application.TaskReportDTO::get_TasksNew()
DA:7,0
FN:7,System.Int32 TaskManager.Application.TaskReportDTO::get_TasksActive()
FNDA:0,System.Int32 TaskManager.Application.TaskReportDTO::get_TasksActive()
DA:8,0
LF:4
LH:0
BRF:0
BRH:0
FNF:4
FNH:0
end_of_record
SF:/Users/fernandofeijao/src/eclipseworks-api-backend/TaskManager.Application/DTOs/TaskValidatorDTO.cs
FN:6,System.Void TaskManager.Application.NewTaskValidatorDTO::.ctor()
FNDA:0,System.Void TaskManager.Application.NewTaskValidatorDTO::.ctor()
DA:7,0
DA:8,0
DA:9,0
DA:10,0
DA:11,0
DA:12,0
DA:13,0
DA:14,0
DA:15,0
FN:19,System.Void TaskManager.Application.EditTaskValidatorDTO::.ctor()
FNDA:0,System.Void TaskManager.Application.EditTaskValidatorDTO::.ctor()
DA:20,0
DA:21,0
DA:22,0
DA:23,0
DA:24,0
DA:25,0
DA:26,0
DA:27,0
DA:28,0
DA:29,0
FN:33,System.Void TaskManager.Application.NewTaskDiscussionValidatorDTO::.ctor()
FNDA:0,System.Void TaskManager.Application.NewTaskDiscussionValidatorDTO::.ctor()
DA:34,0
DA:35,0
DA:36,0
DA:37,0
DA:38,0
DA:39,0
LF:25
LH:0
BRF:0
BRH:0
FNF:3
FNH:0
end_of_record
SF:/Users/fernandofeijao/src/eclipseworks-api-backend/TaskManager.Application/ProjectService.cs
FN:15,System.Void TaskManager.Application.ProjectService::.ctor(TaskManager.Application.IProjectRepository,AutoMapper.IMapper,TaskManager.Application.ITaskRepository,TaskManager.Application.IUserRepository)
FNDA:5,System.Void TaskManager.Application.ProjectService::.ctor(TaskManager.Application.IProjectRepository,AutoMapper.IMapper,TaskManager.Application.ITaskRepository,TaskManager.Application.IUserRepository)
DA:16,5
DA:17,5
DA:18,5
DA:19,5
DA:20,5
DA:21,5
DA:22,5
FN:55,System.Boolean TaskManager.Application.ProjectService/<>c::<RemoveAsync>b__7_0(TaskManager.DomainCore.Task)
FNDA:42,System.Boolean TaskManager.Application.ProjectService/<>c::<RemoveAsync>b__7_0(TaskManager.DomainCore.Task)
DA:56,42
BRDA:56,7,0,34
BRDA:56,7,1,6
FN:24,System.Void TaskManager.Application.ProjectService/<AddAsync>d__5::MoveNext()
FNDA:1,System.Void TaskManager.Application.ProjectService/<AddAsync>d__5::MoveNext()
DA:25,1
DA:26,1
DA:28,1
DA:29,1
DA:30,0
DA:32,1
DA:33,1
DA:35,1
DA:36,0
DA:38,1
DA:39,1
BRDA:29,208,0,0
BRDA:29,208,1,1
BRDA:35,400,0,0
BRDA:35,400,1,1
FN:40,System.Void TaskManager.Application.ProjectService/<GetAllAsync>d__6::MoveNext()
FNDA:1,System.Void TaskManager.Application.ProjectService/<GetAllAsync>d__6::MoveNext()
DA:41,1
DA:42,1
DA:43,1
DA:44,1
DA:45,1
FN:47,System.Void TaskManager.Application.ProjectService/<RemoveAsync>d__7::MoveNext()
FNDA:3,System.Void TaskManager.Application.ProjectService/<RemoveAsync>d__7::MoveNext()
DA:48,3
DA:49,3
DA:51,3
DA:52,1
DA:54,2
DA:58,2
DA:59,1
DA:61,1
DA:63,1
DA:64,0
DA:66,1
DA:67,3
BRDA:51,189,0,1
BRDA:51,189,1,2
BRDA:58,417,0,1
BRDA:58,417,1,1
BRDA:63,645,0,0
BRDA:63,645,1,1
LF:36
LH:33
BRF:12
BRH:9
FNF:5
FNH:5
end_of_record
SF:/Users/fernandofeijao/src/eclipseworks-api-backend/TaskManager.Application/ReportService.cs
FN:14,System.Void TaskManager.Application.ReportService::.ctor(AutoMapper.IMapper,TaskManager.Application.IReportRepository,TaskManager.Application.IUserRepository)
FNDA:0,System.Void TaskManager.Application.ReportService::.ctor(AutoMapper.IMapper,TaskManager.Application.IReportRepository,TaskManager.Application.IUserRepository)
DA:15,0
DA:16,0
DA:17,0
DA:18,0
DA:19,0
DA:20,0
FN:22,System.Void TaskManager.Application.ReportService/<GetTaskByUser>d__4::MoveNext()
FNDA:0,System.Void TaskManager.Application.ReportService/<GetTaskByUser>d__4::MoveNext()
DA:23,0
DA:25,0
DA:26,0
DA:27,0
DA:29,0
DA:30,0
DA:32,0
DA:33,0
BRDA:25,49,0,0
BRDA:25,49,1,0
BRDA:26,189,0,0
BRDA:26,189,1,0
BRDA:29,233,0,0
BRDA:29,233,1,0
LF:14
LH:0
BRF:6
BRH:0
FNF:2
FNH:0
end_of_record
SF:/Users/fernandofeijao/src/eclipseworks-api-backend/TaskManager.Application/TaskService.cs
FN:19,System.Void TaskManager.Application.TaskService::.ctor(AutoMapper.IMapper,TaskManager.Application.ITaskRepository,TaskManager.Application.IUserRepository,TaskManager.Application.IProjectRepository)
FNDA:7,System.Void TaskManager.Application.TaskService::.ctor(AutoMapper.IMapper,TaskManager.Application.ITaskRepository,TaskManager.Application.IUserRepository,TaskManager.Application.IProjectRepository)
DA:20,7
DA:21,7
DA:22,7
DA:23,7
DA:24,7
DA:25,7
DA:26,7
FN:28,System.Void TaskManager.Application.TaskService/<AddAsync>d__6::MoveNext()
FNDA:2,System.Void TaskManager.Application.TaskService/<AddAsync>d__6::MoveNext()
DA:29,2
DA:30,2
DA:32,2
DA:34,2
DA:35,2
DA:36,0
DA:38,2
DA:39,2
DA:40,0
DA:42,2
DA:43,2
DA:44,1
DA:46,1
DA:48,1
DA:49,0
DA:51,1
DA:52,2
BRDA:35,247,0,0
BRDA:35,247,1,2
BRDA:39,427,0,0
BRDA:39,427,1,2
BRDA:43,616,0,1
BRDA:43,616,1,1
BRDA:48,839,0,0
BRDA:48,839,1,1
FN:127,System.Void TaskManager.Application.TaskService/<CommentAsync>d__10::MoveNext()
FNDA:1,System.Void TaskManager.Application.TaskService/<CommentAsync>d__10::MoveNext()
DA:128,1
DA:129,1
DA:130,1
DA:132,1
DA:133,0
DA:135,1
DA:136,1
DA:137,0
DA:140,1
DA:141,1
DA:142,0
DA:144,1
DA:145,1
DA:147,1
DA:148,0
DA:150,1
DA:151,1
DA:152,1
DA:154,1
DA:155,1
BRDA:132,270,0,0
BRDA:132,270,1,1
BRDA:136,450,0,0
BRDA:136,450,1,1
BRDA:141,630,0,0
BRDA:141,630,1,1
BRDA:147,955,0,0
BRDA:147,955,1,1
FN:54,System.Void TaskManager.Application.TaskService/<GetAllByProjectAsync>d__7::MoveNext()
FNDA:2,System.Void TaskManager.Application.TaskService/<GetAllByProjectAsync>d__7::MoveNext()
DA:55,2
DA:56,2
DA:58,2
DA:59,1
DA:61,1
DA:62,42
DA:63,20
DA:64,20
DA:65,20
DA:67,1
DA:68,2
BRDA:58,175,0,1
BRDA:58,175,1,1
BRDA:62,402,1,20
BRDA:62,402,0,1
FN:171,System.Void TaskManager.Application.TaskService/<LogHistory>d__12::MoveNext()
FNDA:2,System.Void TaskManager.Application.TaskService/<LogHistory>d__12::MoveNext()
DA:172,2
DA:173,2
DA:174,2
DA:175,2
DA:176,2
DA:177,2
DA:178,2
DA:179,2
DA:180,2
DA:182,2
DA:183,2
FN:70,System.Void TaskManager.Application.TaskService/<RemoveAsync>d__8::MoveNext()
FNDA:1,System.Void TaskManager.Application.TaskService/<RemoveAsync>d__8::MoveNext()
DA:71,1
DA:72,1
DA:74,1
DA:75,0
DA:77,1
DA:79,1
DA:80,0
DA:82,1
DA:83,1
BRDA:74,175,0,0
BRDA:74,175,1,1
BRDA:79,351,0,0
BRDA:79,351,1,1
FN:157,System.Void TaskManager.Application.TaskService/<SetTaskWithDetails>d__11::MoveNext()
FNDA:24,System.Void TaskManager.Application.TaskService/<SetTaskWithDetails>d__11::MoveNext()
DA:158,24
DA:159,24
DA:160,24
DA:162,24
DA:163,24
DA:165,24
DA:166,24
DA:168,24
DA:169,24
FN:85,System.Void TaskManager.Application.TaskService/<UpdateAsync>d__9::MoveNext()
FNDA:1,System.Void TaskManager.Application.TaskService/<UpdateAsync>d__9::MoveNext()
DA:86,1
DA:87,1
DA:89,1
DA:90,1
DA:91,0
DA:94,1
DA:95,1
DA:96,0
DA:98,1
DA:99,1
DA:100,0
DA:102,1
DA:103,1
DA:104,0
DA:107,1
DA:108,0
DA:109,0
DA:110,0
DA:111,0
DA:112,0
DA:114,1
DA:115,1
DA:117,1
DA:118,0
DA:120,1
DA:121,1
DA:122,1
DA:124,1
DA:125,1
BRDA:90,288,0,0
BRDA:90,288,1,1
BRDA:95,468,0,0
BRDA:95,468,1,1
BRDA:99,648,0,0
BRDA:99,648,1,1
BRDA:103,828,0,0
BRDA:103,828,1,1
BRDA:107,882,0,0
BRDA:110,1054,0,0
BRDA:110,1054,1,0
BRDA:107,882,1,1
BRDA:117,1421,0,0
BRDA:117,1421,1,1
LF:113
LH:94
BRF:38
BRH:21
FNF:8
FNH:8
end_of_record
SF:/Users/fernandofeijao/src/eclipseworks-api-backend/TaskManager.DomainCore/Project.cs
FN:6,System.Int32 TaskManager.DomainCore.Project::get_Id()
FNDA:44,System.Int32 TaskManager.DomainCore.Project::get_Id()
DA:7,44
FN:7,System.String TaskManager.DomainCore.Project::get_Name()
FNDA:37,System.String TaskManager.DomainCore.Project::get_Name()
DA:8,37
FN:8,System.String TaskManager.DomainCore.Project::get_Owner()
FNDA:39,System.String TaskManager.DomainCore.Project::get_Owner()
DA:9,39
FN:9,System.DateTime TaskManager.DomainCore.Project::get_CreateDate()
FNDA:37,System.DateTime TaskManager.DomainCore.Project::get_CreateDate()
DA:10,37
FN:10,System.Nullable`1<System.DateTime> TaskManager.DomainCore.Project::get_StartDate()
FNDA:38,System.Nullable`1<System.DateTime> TaskManager.DomainCore.Project::get_StartDate()
DA:11,38
FN:11,System.Nullable`1<System.DateTime> TaskManager.DomainCore.Project::get_FinishDate()
FNDA:38,System.Nullable`1<System.DateTime> TaskManager.DomainCore.Project::get_FinishDate()
DA:12,38
LF:6
LH:6
BRF:0
BRH:0
FNF:6
FNH:6
end_of_record
SF:/Users/fernandofeijao/src/eclipseworks-api-backend/TaskManager.DomainCore/Task.cs
FN:4,System.Int32 TaskManager.DomainCore.Task::get_Id()
FNDA:116,System.Int32 TaskManager.DomainCore.Task::get_Id()
DA:5,116
FN:5,System.String TaskManager.DomainCore.Task::get_User()
FNDA:99,System.String TaskManager.DomainCore.Task::get_User()
DA:6,99
FN:6,System.String TaskManager.DomainCore.Task::get_Title()
FNDA:96,System.String TaskManager.DomainCore.Task::get_Title()
DA:7,96
FN:7,System.String TaskManager.DomainCore.Task::get_Description()
FNDA:96,System.String TaskManager.DomainCore.Task::get_Description()
DA:8,96
FN:8,System.Byte TaskManager.DomainCore.Task::get_State()
FNDA:189,System.Byte TaskManager.DomainCore.Task::get_State()
DA:9,189
FN:9,System.Byte TaskManager.DomainCore.Task::get_Priority()
FNDA:95,System.Byte TaskManager.DomainCore.Task::get_Priority()
DA:10,95
FN:10,System.DateTime TaskManager.DomainCore.Task::get_TargetDate()
FNDA:96,System.DateTime TaskManager.DomainCore.Task::get_TargetDate()
DA:11,96
FN:11,System.Int32 TaskManager.DomainCore.Task::get_ProjectId()
FNDA:100,System.Int32 TaskManager.DomainCore.Task::get_ProjectId()
DA:12,100
LF:8
LH:8
BRF:0
BRH:0
FNF:8
FNH:8
end_of_record
SF:/Users/fernandofeijao/src/eclipseworks-api-backend/TaskManager.DomainCore/TaskDiscussion.cs
FN:4,System.Int32 TaskManager.DomainCore.TaskDiscussion::get_Id()
FNDA:272,System.Int32 TaskManager.DomainCore.TaskDiscussion::get_Id()
DA:5,272
FN:5,System.String TaskManager.DomainCore.TaskDiscussion::get_Comment()
FNDA:274,System.String TaskManager.DomainCore.TaskDiscussion::get_Comment()
DA:6,274
FN:6,System.String TaskManager.DomainCore.TaskDiscussion::get_User()
FNDA:275,System.String TaskManager.DomainCore.TaskDiscussion::get_User()
DA:7,275
FN:7,System.Int32 TaskManager.DomainCore.TaskDiscussion::get_TaskId()
FNDA:276,System.Int32 TaskManager.DomainCore.TaskDiscussion::get_TaskId()
DA:8,276
LF:4
LH:4
BRF:0
BRH:0
FNF:4
FNH:4
end_of_record
SF:/Users/fernandofeijao/src/eclipseworks-api-backend/TaskManager.DomainCore/TaskHistory.cs
FN:4,System.Int32 TaskManager.DomainCore.TaskHistory::get_Id()
FNDA:274,System.Int32 TaskManager.DomainCore.TaskHistory::get_Id()
DA:5,274
FN:5,System.Int32 TaskManager.DomainCore.TaskHistory::get_TaskId()
FNDA:276,System.Int32 TaskManager.DomainCore.TaskHistory::get_TaskId()
DA:6,276
FN:6,System.String TaskManager.DomainCore.TaskHistory::get_User()
FNDA:276,System.String TaskManager.DomainCore.TaskHistory::get_User()
DA:7,276
FN:7,System.DateTime TaskManager.DomainCore.TaskHistory::get_ChangeDate()
FNDA:276,System.DateTime TaskManager.DomainCore.TaskHistory::get_ChangeDate()
DA:8,276
FN:8,System.String TaskManager.DomainCore.TaskHistory::get_BeforeChange()
FNDA:276,System.String TaskManager.DomainCore.TaskHistory::get_BeforeChange()
DA:9,276
FN:9,System.String TaskManager.DomainCore.TaskHistory::get_AfterChange()
FNDA:276,System.String TaskManager.DomainCore.TaskHistory::get_AfterChange()
DA:10,276
LF:6
LH:6
BRF:0
BRH:0
FNF:6
FNH:6
end_of_record
SF:/Users/fernandofeijao/src/eclipseworks-api-backend/TaskManager.DomainCore/User.cs
FN:4,System.String TaskManager.DomainCore.User::get_Id()
FNDA:6,System.String TaskManager.DomainCore.User::get_Id()
DA:5,6
FN:5,System.String TaskManager.DomainCore.User::get_Name()
FNDA:3,System.String TaskManager.DomainCore.User::get_Name()
DA:6,3
FN:6,System.Byte TaskManager.DomainCore.User::get_Profile()
FNDA:3,System.Byte TaskManager.DomainCore.User::get_Profile()
DA:7,3
LF:3
LH:3
BRF:0
BRH:0
FNF:3
FNH:3
end_of_record